<?xml version="1.0" encoding="UTF-8"?>
<!-- Generated by org.testng.reporters.JUnitReportReporter -->
<testsuite hostname="LTIN485793" failures="0" tests="2" name="testCases.testCase_001" time="291.415" errors="0" timestamp="2024-04-02T14:59:29 IST" skipped="0">
  <testcase classname="testCases.testCase_001" name="firstPage" time="26.123"/>
  <testcase classname="testCases.testCase_001" name="secondPage" time="265.292"/>
</testsuite> <!-- testCases.testCase_001 -->
